stderr: # github.com/ory/hive/selfservice
selfservice/body_decoder.go:108:8: too many arguments to panic: panic("%+v", r.PostForm)
, cmd err: exit status 2stderr: # github.com/ory/hive/selfservice
selfservice/body_decoder.go:6:2: imported and not used: "fmt"
, cmd err: exit status 2stderr: # github.com/ory/hive/selfservice/oidc
selfservice/oidc/extension.go:27:2: syntax error: unexpected }, expecting expression
selfservice/oidc/extension.go:30:66: syntax error: unexpected identity at end of statement
, cmd err: exit status 2stderr: # github.com/ory/hive/selfservice/oidc
selfservice/oidc/extension.go:27:2: syntax error: unexpected }, expecting expression
selfservice/oidc/extension.go:30:66: syntax error: unexpected identity at end of statement
, cmd err: exit status 2stderr: # github.com/ory/hive/selfservice/oidc
selfservice/oidc/extension.go:45:5: non-name e.values on left side of :=
, cmd err: exit status 2stderr: # github.com/ory/hive/selfservice/oidc
selfservice/oidc/extension.go:30:10: undefined: ve
, cmd err: exit status 2stderr: # github.com/ory/hive/selfservice/oidc
selfservice/oidc/strategy.go:317:34: undefined: r
selfservice/oidc/strategy.go:317:37: undefined: s
selfservice/oidc/strategy.go:323:3: undefined: r
selfservice/oidc/strategy.go:326:13: undefined: s
selfservice/oidc/strategy.go:327:4: not enough arguments to return
selfservice/oidc/strategy.go:331:45: undefined: i
selfservice/oidc/strategy.go:344:3: undefined: i
selfservice/oidc/strategy.go:346:1: missing return at end of function
, cmd err: exit status 2stderr: # github.com/ory/hive/selfservice/oidc
selfservice/oidc/strategy.go:317:34: undefined: r
selfservice/oidc/strategy.go:317:37: undefined: s
selfservice/oidc/strategy.go:323:3: undefined: r
selfservice/oidc/strategy.go:326:13: undefined: s
selfservice/oidc/strategy.go:327:4: not enough arguments to return
selfservice/oidc/strategy.go:331:45: undefined: i
selfservice/oidc/strategy.go:344:3: undefined: i
selfservice/oidc/strategy.go:346:1: missing return at end of function
, cmd err: exit status 2stderr: # github.com/ory/hive/selfservice/oidc
selfservice/oidc/strategy.go:317:34: undefined: r
selfservice/oidc/strategy.go:317:37: undefined: s
selfservice/oidc/strategy.go:323:3: undefined: r
selfservice/oidc/strategy.go:326:13: undefined: s
selfservice/oidc/strategy.go:327:4: not enough arguments to return
selfservice/oidc/strategy.go:331:45: undefined: i
selfservice/oidc/strategy.go:344:3: undefined: i
selfservice/oidc/strategy.go:346:1: missing return at end of function
, cmd err: exit status 2stderr: # github.com/ory/hive/selfservice/oidc
selfservice/oidc/form.go:8:40: undefined: json
selfservice/oidc/form.go:10:1: missing return at end of function
, cmd err: exit status 2stderr: # github.com/ory/hive/selfservice/oidc
selfservice/oidc/form.go:19:1: missing return at end of function
, cmd err: exit status 2stderr: # github.com/ory/hive/selfservice/oidc
selfservice/oidc/form.go:19:1: missing return at end of function
, cmd err: exit status 2stderr: # github.com/ory/hive/selfservice/oidc
selfservice/oidc/form.go:19:1: missing return at end of function
, cmd err: exit status 2stderr: # github.com/ory/hive/selfservice/oidc
selfservice/oidc/form.go:19:1: missing return at end of function
, cmd err: exit status 2stderr: # github.com/ory/hive/selfservice/oidc
selfservice/oidc/form.go:19:1: missing return at end of function
, cmd err: exit status 2stderr: # github.com/ory/hive/selfservice/oidc
selfservice/oidc/form.go:19:1: missing return at end of function
, cmd err: exit status 2stderr: # github.com/ory/hive/selfservice/oidc
selfservice/oidc/form.go:19:1: missing return at end of function
, cmd err: exit status 2stderr: # github.com/ory/hive/selfservice/oidc
selfservice/oidc/form.go:19:1: missing return at end of function
, cmd err: exit status 2stderr: # github.com/ory/hive/selfservice/oidc
selfservice/oidc/form.go:19:1: missing return at end of function
, cmd err: exit status 2stderr: # github.com/ory/hive/selfservice/oidc
selfservice/oidc/form.go:19:1: missing return at end of function
, cmd err: exit status 2stderr: # github.com/ory/hive/selfservice/oidc
selfservice/oidc/form.go:19:1: missing return at end of function
, cmd err: exit status 2stderr: # github.com/ory/hive/selfservice/oidc
selfservice/oidc/form.go:46:59: syntax error: _, key := gjson.GetBytes(traits, "@keyvals").Array() used as value
, cmd err: exit status 2stderr: # github.com/ory/hive/selfservice/oidc
selfservice/oidc/form.go:49:42: cannot use key (type gjson.Result) as type string in argument to gjson.GetBytes
, cmd err: exit status 2stderr: # github.com/ory/hive/selfservice/oidc
selfservice/oidc/form.go:49:42: cannot use key (type gjson.Result) as type string in argument to gjson.GetBytes
, cmd err: exit status 2stderr: # github.com/ory/hive/selfservice/oidc
selfservice/oidc/form.go:53:6: syntax error: unexpected newline, expecting type
, cmd err: exit status 2stderr: # github.com/ory/hive/selfservice/oidc
selfservice/oidc/form.go:52:17: undefined: flattenv
, cmd err: exit status 2stderr: # github.com/ory/hive/selfservice/oidc
selfservice/oidc/form.go:6:2: imported and not used: "fmt"
, cmd err: exit status 2stderr: # github.com/ory/hive/selfservice/password
selfservice/password/strategy.go:41:6: undefined: csrfGenerator
selfservice/password/types.go:4:2: imported and not used: "net/http"
# github.com/ory/hive/selfservice/oidc
selfservice/oidc/strategy.go:69:6: undefined: csrfGenerator
, cmd err: exit status 2stderr: # github.com/ory/hive/selfservice/oidc
selfservice/oidc/strategy.go:69:6: undefined: csrfGenerator
# github.com/ory/hive/selfservice/password
selfservice/password/strategy.go:41:6: undefined: csrfGenerator
, cmd err: exit status 2stderr: # github.com/ory/hive/selfservice/oidc
selfservice/oidc/strategy.go:69:6: undefined: csrfGenerator
, cmd err: exit status 2stderr: # github.com/ory/hive/selfservice/oidc
selfservice/oidc/strategy.go:491:5: undefined: csrfTokenName
, cmd err: exit status 2stderr: # github.com/ory/hive/selfservice/oidc
selfservice/oidc/strategy.go:486:18: syntax error: unexpected :, expecting comma or )
selfservice/oidc/strategy.go:488:4: syntax error: unexpected comma after top level declaration
, cmd err: exit status 2stderr: # github.com/ory/hive/selfservice
selfservice/form_field.go:19:13: cannot use "" (type string) as type FormError in assignment
selfservice/form_field.go:43:14: cannot use err (type string) as type FormError in assignment
, cmd err: exit status 2stderr: # github.com/ory/hive/selfservice
selfservice/errors.go:156:50: cannot use e.String() (type string) as type *FormError in argument to config.GetFormFields().SetError
selfservice/errors.go:231:56: cannot use e.String() (type string) as type *FormError in argument to config.GetFormFields().SetError
, cmd err: exit status 2stderr: # github.com/ory/hive/selfservice/password
selfservice/password/types.go:43:3: r.Error undefined (type *RequestMethodConfig has no field or method Error)
selfservice/password/types.go:48:3: r.Error undefined (type *RequestMethodConfig has no field or method Error)
, cmd err: exit status 2stderr: # github.com/ory/hive/selfservice/password
selfservice/password/types.go:43:3: r.Error undefined (type *RequestMethodConfig has no field or method Error)
selfservice/password/types.go:48:3: r.Error undefined (type *RequestMethodConfig has no field or method Error)
, cmd err: exit status 2stderr: # github.com/ory/hive/selfservice/password
selfservice/password/types.go:48:3: r.Error undefined (type *RequestMethodConfig has no field or method Error)
, cmd err: exit status 2stderr: # github.com/ory/hive/selfservice
selfservice/errors.go:132:29: cannot use et.Reason() (type string) as type *FormError in argument to config.AddError
selfservice/errors.go:134:29: cannot use et.Reason() (type string) as type *FormError in argument to config.AddError
selfservice/errors.go:136:29: cannot use et.Reason() (type string) as type *FormError in argument to config.AddError
selfservice/errors.go:230:34: cannot use e.Description() (type string) as type *FormError in argument to config.AddError
, cmd err: exit status 2stderr: # github.com/ory/hive/selfservice
selfservice/errors.go:132:29: cannot use et.Reason() (type string) as type *FormError in argument to config.AddError
selfservice/errors.go:134:29: cannot use et.Reason() (type string) as type *FormError in argument to config.AddError
selfservice/errors.go:136:29: cannot use et.Reason() (type string) as type *FormError in argument to config.AddError
, cmd err: exit status 2stderr: # github.com/ory/hive/selfservice/oidc
selfservice/oidc/strategy.go:437:3: cannot use config (type *RequestMethodConfig) as type selfservice.RequestMethodConfig in field value:
	*RequestMethodConfig does not implement selfservice.RequestMethodConfig (wrong type for AddError method)
		have AddError(string)
		want AddError(*selfservice.FormError)
selfservice/oidc/strategy.go:449:3: cannot use config (type *RequestMethodConfig) as type selfservice.RequestMethodConfig in field value:
	*RequestMethodConfig does not implement selfservice.RequestMethodConfig (wrong type for AddError method)
		have AddError(string)
		want AddError(*selfservice.FormError)
, cmd err: exit status 2stderr: # github.com/ory/hive/selfservice/oidc
selfservice/oidc/types.go:37:3: c.Error undefined (type *RequestMethodConfig has no field or method Error)
, cmd err: exit status 2